[01:12:54] [main/INFO] [LaunchWrapper]: Loading tweak class name net.minecraftforge.fml.common.launcher.FMLServerTweaker
[01:12:54] [main/INFO] [LaunchWrapper]: Using primary tweak class name net.minecraftforge.fml.common.launcher.FMLServerTweaker
[01:12:54] [main/INFO] [LaunchWrapper]: Calling tweak class net.minecraftforge.fml.common.launcher.FMLServerTweaker
[01:12:54] [main/INFO] [FML]: Forge Mod Loader version 14.23.5.2860 for Minecraft 1.12.2 loading
[01:12:54] [main/INFO] [FML]: Java is OpenJDK 64-Bit Server VM, version 1.8.0_462, running on Linux:amd64:6.8.0-1030-azure, installed at /usr/lib/jvm/java-8-openjdk-amd64/jre
[01:12:54] [main/ERROR] [FML]: Unable to read the jar file Fapcraft-Fazclaires-Nightclub-Edition-Mod-Forge-1.12.2.jar - ignoring
java.util.zip.ZipException: error in opening zip file
	at java.util.zip.ZipFile.open(Native Method) ~[?:1.8.0_462]
	at java.util.zip.ZipFile.<init>(ZipFile.java:231) ~[?:1.8.0_462]
	at java.util.zip.ZipFile.<init>(ZipFile.java:157) ~[?:1.8.0_462]
	at java.util.jar.JarFile.<init>(JarFile.java:169) ~[?:1.8.0_462]
	at java.util.jar.JarFile.<init>(JarFile.java:133) ~[?:1.8.0_462]
	at net.minecraftforge.fml.relauncher.libraries.LibraryManager.extractPacked(LibraryManager.java:200) [forge-1.12.2-14.23.5.2860.jar:?]
	at net.minecraftforge.fml.relauncher.libraries.LibraryManager.cleanDirectory(LibraryManager.java:169) [forge-1.12.2-14.23.5.2860.jar:?]
	at net.minecraftforge.fml.relauncher.libraries.LibraryManager.setup(LibraryManager.java:97) [forge-1.12.2-14.23.5.2860.jar:?]
	at net.minecraftforge.fml.relauncher.FMLLaunchHandler.setupHome(FMLLaunchHandler.java:106) [forge-1.12.2-14.23.5.2860.jar:?]
	at net.minecraftforge.fml.relauncher.FMLLaunchHandler.setupServer(FMLLaunchHandler.java:87) [forge-1.12.2-14.23.5.2860.jar:?]
	at net.minecraftforge.fml.relauncher.FMLLaunchHandler.configureForServerLaunch(FMLLaunchHandler.java:47) [forge-1.12.2-14.23.5.2860.jar:?]
	at net.minecraftforge.fml.common.launcher.FMLServerTweaker.injectIntoClassLoader(FMLServerTweaker.java:62) [forge-1.12.2-14.23.5.2860.jar:?]
	at net.minecraft.launchwrapper.Launch.launch(Launch.java:115) [launchwrapper-1.12.jar:?]
	at net.minecraft.launchwrapper.Launch.main(Launch.java:28) [launchwrapper-1.12.jar:?]
	at sun.reflect.NativeMethodAccessorImpl.invoke0(Native Method) ~[?:1.8.0_462]
	at sun.reflect.NativeMethodAccessorImpl.invoke(NativeMethodAccessorImpl.java:62) ~[?:1.8.0_462]
	at sun.reflect.DelegatingMethodAccessorImpl.invoke(DelegatingMethodAccessorImpl.java:43) ~[?:1.8.0_462]
	at java.lang.reflect.Method.invoke(Method.java:498) ~[?:1.8.0_462]
	at net.minecraftforge.fml.relauncher.ServerLaunchWrapper.run(ServerLaunchWrapper.java:70) [forge-1.12.2-14.23.5.2860.jar:?]
	at net.minecraftforge.fml.relauncher.ServerLaunchWrapper.main(ServerLaunchWrapper.java:34) [forge-1.12.2-14.23.5.2860.jar:?]
[01:12:54] [main/ERROR] [FML]: Unable to read the jar file fossilsarcheology-8.0.6.jar - ignoring
java.util.zip.ZipException: error in opening zip file
	at java.util.zip.ZipFile.open(Native Method) ~[?:1.8.0_462]
	at java.util.zip.ZipFile.<init>(ZipFile.java:231) ~[?:1.8.0_462]
	at java.util.zip.ZipFile.<init>(ZipFile.java:157) ~[?:1.8.0_462]
	at java.util.jar.JarFile.<init>(JarFile.java:169) ~[?:1.8.0_462]
	at java.util.jar.JarFile.<init>(JarFile.java:133) ~[?:1.8.0_462]
	at net.minecraftforge.fml.relauncher.libraries.LibraryManager.extractPacked(LibraryManager.java:200) [forge-1.12.2-14.23.5.2860.jar:?]
	at net.minecraftforge.fml.relauncher.libraries.LibraryManager.cleanDirectory(LibraryManager.java:169) [forge-1.12.2-14.23.5.2860.jar:?]
	at net.minecraftforge.fml.relauncher.libraries.LibraryManager.setup(LibraryManager.java:97) [forge-1.12.2-14.23.5.2860.jar:?]
	at net.minecraftforge.fml.relauncher.FMLLaunchHandler.setupHome(FMLLaunchHandler.java:106) [forge-1.12.2-14.23.5.2860.jar:?]
	at net.minecraftforge.fml.relauncher.FMLLaunchHandler.setupServer(FMLLaunchHandler.java:87) [forge-1.12.2-14.23.5.2860.jar:?]
	at net.minecraftforge.fml.relauncher.FMLLaunchHandler.configureForServerLaunch(FMLLaunchHandler.java:47) [forge-1.12.2-14.23.5.2860.jar:?]
	at net.minecraftforge.fml.common.launcher.FMLServerTweaker.injectIntoClassLoader(FMLServerTweaker.java:62) [forge-1.12.2-14.23.5.2860.jar:?]
	at net.minecraft.launchwrapper.Launch.launch(Launch.java:115) [launchwrapper-1.12.jar:?]
	at net.minecraft.launchwrapper.Launch.main(Launch.java:28) [launchwrapper-1.12.jar:?]
	at sun.reflect.NativeMethodAccessorImpl.invoke0(Native Method) ~[?:1.8.0_462]
	at sun.reflect.NativeMethodAccessorImpl.invoke(NativeMethodAccessorImpl.java:62) ~[?:1.8.0_462]
	at sun.reflect.DelegatingMethodAccessorImpl.invoke(DelegatingMethodAccessorImpl.java:43) ~[?:1.8.0_462]
	at java.lang.reflect.Method.invoke(Method.java:498) ~[?:1.8.0_462]
	at net.minecraftforge.fml.relauncher.ServerLaunchWrapper.run(ServerLaunchWrapper.java:70) [forge-1.12.2-14.23.5.2860.jar:?]
	at net.minecraftforge.fml.relauncher.ServerLaunchWrapper.main(ServerLaunchWrapper.java:34) [forge-1.12.2-14.23.5.2860.jar:?]
[01:12:55] [main/ERROR] [FML]: Unable to read the jar file Kidnap-Mod-Forge-1.12.2.jar - ignoring
java.util.zip.ZipException: zip file is empty
	at java.util.zip.ZipFile.open(Native Method) ~[?:1.8.0_462]
	at java.util.zip.ZipFile.<init>(ZipFile.java:231) ~[?:1.8.0_462]
	at java.util.zip.ZipFile.<init>(ZipFile.java:157) ~[?:1.8.0_462]
	at java.util.jar.JarFile.<init>(JarFile.java:169) ~[?:1.8.0_462]
	at java.util.jar.JarFile.<init>(JarFile.java:133) ~[?:1.8.0_462]
	at net.minecraftforge.fml.relauncher.libraries.LibraryManager.extractPacked(LibraryManager.java:200) [forge-1.12.2-14.23.5.2860.jar:?]
	at net.minecraftforge.fml.relauncher.libraries.LibraryManager.cleanDirectory(LibraryManager.java:169) [forge-1.12.2-14.23.5.2860.jar:?]
	at net.minecraftforge.fml.relauncher.libraries.LibraryManager.setup(LibraryManager.java:97) [forge-1.12.2-14.23.5.2860.jar:?]
	at net.minecraftforge.fml.relauncher.FMLLaunchHandler.setupHome(FMLLaunchHandler.java:106) [forge-1.12.2-14.23.5.2860.jar:?]
	at net.minecraftforge.fml.relauncher.FMLLaunchHandler.setupServer(FMLLaunchHandler.java:87) [forge-1.12.2-14.23.5.2860.jar:?]
	at net.minecraftforge.fml.relauncher.FMLLaunchHandler.configureForServerLaunch(FMLLaunchHandler.java:47) [forge-1.12.2-14.23.5.2860.jar:?]
	at net.minecraftforge.fml.common.launcher.FMLServerTweaker.injectIntoClassLoader(FMLServerTweaker.java:62) [forge-1.12.2-14.23.5.2860.jar:?]
	at net.minecraft.launchwrapper.Launch.launch(Launch.java:115) [launchwrapper-1.12.jar:?]
	at net.minecraft.launchwrapper.Launch.main(Launch.java:28) [launchwrapper-1.12.jar:?]
	at sun.reflect.NativeMethodAccessorImpl.invoke0(Native Method) ~[?:1.8.0_462]
	at sun.reflect.NativeMethodAccessorImpl.invoke(NativeMethodAccessorImpl.java:62) ~[?:1.8.0_462]
	at sun.reflect.DelegatingMethodAccessorImpl.invoke(DelegatingMethodAccessorImpl.java:43) ~[?:1.8.0_462]
	at java.lang.reflect.Method.invoke(Method.java:498) ~[?:1.8.0_462]
	at net.minecraftforge.fml.relauncher.ServerLaunchWrapper.run(ServerLaunchWrapper.java:70) [forge-1.12.2-14.23.5.2860.jar:?]
	at net.minecraftforge.fml.relauncher.ServerLaunchWrapper.main(ServerLaunchWrapper.java:34) [forge-1.12.2-14.23.5.2860.jar:?]
[01:12:55] [main/INFO] [FML]: Searching /workspaces/PajWorld/servidor_minecraft/./mods for mods
[01:12:55] [main/INFO] [FML]: Searching /workspaces/PajWorld/servidor_minecraft/./mods/1.12.2 for mods
[01:12:55] [main/WARN] [FML]: Found FMLCorePluginContainsFMLMod marker in Bloodmoon-MC1.12.2-1.5.3.jar. This is not recommended, @Mods should be in a separate jar from the coremod.
[01:12:55] [main/WARN] [FML]: The coremod lumien.bloodmoon.asm.LoadingPlugin does not have a MCVersion annotation, it may cause issues with this version of Minecraft
[01:12:55] [main/WARN] [FML]: Found FMLCorePluginContainsFMLMod marker in Campfire-v1.1.6-mc1.12.2.jar. This is not recommended, @Mods should be in a separate jar from the coremod.
[01:12:55] [main/WARN] [FML]: The coremod Campfire Plugin (git.jbredwards.campfire.asm.ASMHandler) is not signed!
[01:12:55] [main/WARN] [FML]: Found FMLCorePluginContainsFMLMod marker in Chocolate_Quest_Repoured-1.12.2-2.7.1B.jar. This is not recommended, @Mods should be in a separate jar from the coremod.
[01:12:55] [main/WARN] [FML]: The coremod CQRPlugin (team.cqr.cqrepoured.asm.CQRPlugin) is not signed!
[01:12:55] [main/WARN] [FML]: Found FMLCorePluginContainsFMLMod marker in CTM-MC1.12.2-1.0.2.31.jar. This is not recommended, @Mods should be in a separate jar from the coremod.
[01:12:55] [main/WARN] [FML]: The coremod team.chisel.ctm.client.asm.CTMCorePlugin does not have a MCVersion annotation, it may cause issues with this version of Minecraft
[01:12:55] [main/WARN] [FML]: The coremod CTMCorePlugin (team.chisel.ctm.client.asm.CTMCorePlugin) is not signed!
[01:12:55] [main/WARN] [FML]: Found FMLCorePluginContainsFMLMod marker in Emojicord-1.12.2-1.1.1.45-universal.jar. This is not recommended, @Mods should be in a separate jar from the coremod.
[01:12:55] [main/WARN] [FML]: The coremod net.teamfruit.emojicord.asm.EmojicordCorePlugin does not have a MCVersion annotation, it may cause issues with this version of Minecraft
[01:12:55] [main/WARN] [FML]: The coremod EmojicordCorePlugin (net.teamfruit.emojicord.asm.EmojicordCorePlugin) is not signed!
[01:12:55] [main/ERROR] [FML]: Unable to read the jar file Fapcraft-Fazclaires-Nightclub-Edition-Mod-Forge-1.12.2.jar - ignoring
java.util.zip.ZipException: error in opening zip file
	at java.util.zip.ZipFile.open(Native Method) ~[?:1.8.0_462]
	at java.util.zip.ZipFile.<init>(ZipFile.java:231) ~[?:1.8.0_462]
	at java.util.zip.ZipFile.<init>(ZipFile.java:157) ~[?:1.8.0_462]
	at java.util.jar.JarFile.<init>(JarFile.java:169) ~[?:1.8.0_462]
	at java.util.jar.JarFile.<init>(JarFile.java:133) ~[?:1.8.0_462]
	at net.minecraftforge.fml.relauncher.CoreModManager.discoverCoreMods(CoreModManager.java:366) [forge-1.12.2-14.23.5.2860.jar:?]
	at net.minecraftforge.fml.relauncher.CoreModManager.handleLaunch(CoreModManager.java:265) [forge-1.12.2-14.23.5.2860.jar:?]
	at net.minecraftforge.fml.relauncher.FMLLaunchHandler.setupHome(FMLLaunchHandler.java:107) [forge-1.12.2-14.23.5.2860.jar:?]
	at net.minecraftforge.fml.relauncher.FMLLaunchHandler.setupServer(FMLLaunchHandler.java:87) [forge-1.12.2-14.23.5.2860.jar:?]
	at net.minecraftforge.fml.relauncher.FMLLaunchHandler.configureForServerLaunch(FMLLaunchHandler.java:47) [forge-1.12.2-14.23.5.2860.jar:?]
	at net.minecraftforge.fml.common.launcher.FMLServerTweaker.injectIntoClassLoader(FMLServerTweaker.java:62) [forge-1.12.2-14.23.5.2860.jar:?]
	at net.minecraft.launchwrapper.Launch.launch(Launch.java:115) [launchwrapper-1.12.jar:?]
	at net.minecraft.launchwrapper.Launch.main(Launch.java:28) [launchwrapper-1.12.jar:?]
	at sun.reflect.NativeMethodAccessorImpl.invoke0(Native Method) ~[?:1.8.0_462]
	at sun.reflect.NativeMethodAccessorImpl.invoke(NativeMethodAccessorImpl.java:62) ~[?:1.8.0_462]
	at sun.reflect.DelegatingMethodAccessorImpl.invoke(DelegatingMethodAccessorImpl.java:43) ~[?:1.8.0_462]
	at java.lang.reflect.Method.invoke(Method.java:498) ~[?:1.8.0_462]
	at net.minecraftforge.fml.relauncher.ServerLaunchWrapper.run(ServerLaunchWrapper.java:70) [forge-1.12.2-14.23.5.2860.jar:?]
	at net.minecraftforge.fml.relauncher.ServerLaunchWrapper.main(ServerLaunchWrapper.java:34) [forge-1.12.2-14.23.5.2860.jar:?]
[01:12:55] [main/ERROR] [FML]: Unable to read the jar file fossilsarcheology-8.0.6.jar - ignoring
java.util.zip.ZipException: error in opening zip file
	at java.util.zip.ZipFile.open(Native Method) ~[?:1.8.0_462]
	at java.util.zip.ZipFile.<init>(ZipFile.java:231) ~[?:1.8.0_462]
	at java.util.zip.ZipFile.<init>(ZipFile.java:157) ~[?:1.8.0_462]
	at java.util.jar.JarFile.<init>(JarFile.java:169) ~[?:1.8.0_462]
	at java.util.jar.JarFile.<init>(JarFile.java:133) ~[?:1.8.0_462]
	at net.minecraftforge.fml.relauncher.CoreModManager.discoverCoreMods(CoreModManager.java:366) [forge-1.12.2-14.23.5.2860.jar:?]
	at net.minecraftforge.fml.relauncher.CoreModManager.handleLaunch(CoreModManager.java:265) [forge-1.12.2-14.23.5.2860.jar:?]
	at net.minecraftforge.fml.relauncher.FMLLaunchHandler.setupHome(FMLLaunchHandler.java:107) [forge-1.12.2-14.23.5.2860.jar:?]
	at net.minecraftforge.fml.relauncher.FMLLaunchHandler.setupServer(FMLLaunchHandler.java:87) [forge-1.12.2-14.23.5.2860.jar:?]
	at net.minecraftforge.fml.relauncher.FMLLaunchHandler.configureForServerLaunch(FMLLaunchHandler.java:47) [forge-1.12.2-14.23.5.2860.jar:?]
	at net.minecraftforge.fml.common.launcher.FMLServerTweaker.injectIntoClassLoader(FMLServerTweaker.java:62) [forge-1.12.2-14.23.5.2860.jar:?]
	at net.minecraft.launchwrapper.Launch.launch(Launch.java:115) [launchwrapper-1.12.jar:?]
	at net.minecraft.launchwrapper.Launch.main(Launch.java:28) [launchwrapper-1.12.jar:?]
	at sun.reflect.NativeMethodAccessorImpl.invoke0(Native Method) ~[?:1.8.0_462]
	at sun.reflect.NativeMethodAccessorImpl.invoke(NativeMethodAccessorImpl.java:62) ~[?:1.8.0_462]
	at sun.reflect.DelegatingMethodAccessorImpl.invoke(DelegatingMethodAccessorImpl.java:43) ~[?:1.8.0_462]
	at java.lang.reflect.Method.invoke(Method.java:498) ~[?:1.8.0_462]
	at net.minecraftforge.fml.relauncher.ServerLaunchWrapper.run(ServerLaunchWrapper.java:70) [forge-1.12.2-14.23.5.2860.jar:?]
	at net.minecraftforge.fml.relauncher.ServerLaunchWrapper.main(ServerLaunchWrapper.java:34) [forge-1.12.2-14.23.5.2860.jar:?]
[01:12:55] [main/ERROR] [FML]: Unable to read the jar file Kidnap-Mod-Forge-1.12.2.jar - ignoring
java.util.zip.ZipException: zip file is empty
	at java.util.zip.ZipFile.open(Native Method) ~[?:1.8.0_462]
	at java.util.zip.ZipFile.<init>(ZipFile.java:231) ~[?:1.8.0_462]
	at java.util.zip.ZipFile.<init>(ZipFile.java:157) ~[?:1.8.0_462]
	at java.util.jar.JarFile.<init>(JarFile.java:169) ~[?:1.8.0_462]
	at java.util.jar.JarFile.<init>(JarFile.java:133) ~[?:1.8.0_462]
	at net.minecraftforge.fml.relauncher.CoreModManager.discoverCoreMods(CoreModManager.java:366) [forge-1.12.2-14.23.5.2860.jar:?]
	at net.minecraftforge.fml.relauncher.CoreModManager.handleLaunch(CoreModManager.java:265) [forge-1.12.2-14.23.5.2860.jar:?]
	at net.minecraftforge.fml.relauncher.FMLLaunchHandler.setupHome(FMLLaunchHandler.java:107) [forge-1.12.2-14.23.5.2860.jar:?]
	at net.minecraftforge.fml.relauncher.FMLLaunchHandler.setupServer(FMLLaunchHandler.java:87) [forge-1.12.2-14.23.5.2860.jar:?]
	at net.minecraftforge.fml.relauncher.FMLLaunchHandler.configureForServerLaunch(FMLLaunchHandler.java:47) [forge-1.12.2-14.23.5.2860.jar:?]
	at net.minecraftforge.fml.common.launcher.FMLServerTweaker.injectIntoClassLoader(FMLServerTweaker.java:62) [forge-1.12.2-14.23.5.2860.jar:?]
	at net.minecraft.launchwrapper.Launch.launch(Launch.java:115) [launchwrapper-1.12.jar:?]
	at net.minecraft.launchwrapper.Launch.main(Launch.java:28) [launchwrapper-1.12.jar:?]
	at sun.reflect.NativeMethodAccessorImpl.invoke0(Native Method) ~[?:1.8.0_462]
	at sun.reflect.NativeMethodAccessorImpl.invoke(NativeMethodAccessorImpl.java:62) ~[?:1.8.0_462]
	at sun.reflect.DelegatingMethodAccessorImpl.invoke(DelegatingMethodAccessorImpl.java:43) ~[?:1.8.0_462]
	at java.lang.reflect.Method.invoke(Method.java:498) ~[?:1.8.0_462]
	at net.minecraftforge.fml.relauncher.ServerLaunchWrapper.run(ServerLaunchWrapper.java:70) [forge-1.12.2-14.23.5.2860.jar:?]
	at net.minecraftforge.fml.relauncher.ServerLaunchWrapper.main(ServerLaunchWrapper.java:34) [forge-1.12.2-14.23.5.2860.jar:?]
[01:12:55] [main/WARN] [FML]: Found FMLCorePluginContainsFMLMod marker in LucraftCore-1.12.2-2.4.17.jar. This is not recommended, @Mods should be in a separate jar from the coremod.
[01:12:55] [main/WARN] [FML]: The coremod lucraft.mods.lucraftcore.core.LucraftCoreCoreMod does not have a MCVersion annotation, it may cause issues with this version of Minecraft
[01:12:55] [main/WARN] [FML]: The coremod LucraftCoreCoreMod (lucraft.mods.lucraftcore.core.LucraftCoreCoreMod) is not signed!
[01:12:55] [main/WARN] [FML]: The coremod ObfuscatePlugin (com.mrcrayfish.obfuscate.asm.ObfuscatePlugin) is not signed!
[01:12:55] [main/WARN] [FML]: Found FMLCorePluginContainsFMLMod marker in OpenModsLib-1.12.2-0.12.2.jar. This is not recommended, @Mods should be in a separate jar from the coremod.
[01:12:55] [main/WARN] [FML]: The coremod openmods.core.OpenModsCorePlugin does not have a MCVersion annotation, it may cause issues with this version of Minecraft
[01:12:55] [main/INFO] [FML]: Loading tweaker optifine.OptiFineForgeTweaker from OptiFine_1.12.2_HD_U_E3.jar
[01:12:55] [main/WARN] [FML]: Found FMLCorePluginContainsFMLMod marker in PymTech-1.12.2-1.0.2.jar. This is not recommended, @Mods should be in a separate jar from the coremod.
[01:12:55] [main/WARN] [FML]: The coremod pymtech (lucraft.mods.pymtech.core.PymTechLoadingPlugin) is not signed!
[01:12:55] [main/WARN] [FML]: Found FMLCorePluginContainsFMLMod marker in Quark-r1.6-179.jar. This is not recommended, @Mods should be in a separate jar from the coremod.
[01:12:55] [main/WARN] [FML]: The coremod Quark Plugin (vazkii.quark.base.asm.LoadingPlugin) is not signed!
[01:12:55] [main/WARN] [FML]: Found FMLCorePluginContainsFMLMod marker in ReachFix-1.12.2-1.1.3.jar. This is not recommended, @Mods should be in a separate jar from the coremod.
[01:12:55] [main/WARN] [FML]: The coremod ReachFixPlugin (meldexun.reachfix.asm.ReachFixPlugin) is not signed!
[01:12:55] [main/WARN] [FML]: Found FMLCorePluginContainsFMLMod marker in twilightforest-1.12.2-3.13b.jar. This is not recommended, @Mods should be in a separate jar from the coremod.
[01:12:55] [main/WARN] [FML]: The coremod twilightforest.core.TFCore does not have a MCVersion annotation, it may cause issues with this version of Minecraft
[01:12:55] [main/WARN] [FML]: The coremod TFCore (twilightforest.core.TFCore) is not signed!
[01:12:55] [main/INFO] [FML]: Loading tweaker org.spongepowered.asm.launch.MixinTweaker from zergatul.freecam-2.0.0-forge-1.12.2.jar
[01:12:55] [main/WARN] [FML]: The coremod blusunrize.immersiveengineering.common.asm.IELoadingPlugin does not have a MCVersion annotation, it may cause issues with this version of Minecraft
[01:12:55] [main/WARN] [FML]: The coremod IELoadingPlugin (blusunrize.immersiveengineering.common.asm.IELoadingPlugin) is not signed!
[01:12:55] [main/INFO] [LaunchWrapper]: Loading tweak class name net.minecraftforge.fml.common.launcher.FMLInjectionAndSortingTweaker
[01:12:55] [main/INFO] [LaunchWrapper]: Loading tweak class name optifine.OptiFineForgeTweaker
[01:12:55] [main/INFO] [LaunchWrapper]: Loading tweak class name org.spongepowered.asm.launch.MixinTweaker
[01:12:55] [main/INFO] [mixin]: SpongePowered MIXIN Subsystem Version=0.8.5 Source=file:/workspaces/PajWorld/servidor_minecraft/./mods/zergatul.freecam-2.0.0-forge-1.12.2.jar Service=LaunchWrapper Env=SERVER
[01:12:55] [main/INFO] [LaunchWrapper]: Loading tweak class name net.minecraftforge.fml.common.launcher.FMLDeobfTweaker
[01:12:55] [main/INFO] [LaunchWrapper]: Calling tweak class net.minecraftforge.fml.common.launcher.FMLInjectionAndSortingTweaker
[01:12:55] [main/INFO] [LaunchWrapper]: Calling tweak class net.minecraftforge.fml.common.launcher.FMLInjectionAndSortingTweaker
[01:12:55] [main/INFO] [LaunchWrapper]: Calling tweak class optifine.OptiFineForgeTweaker
[01:12:55] [main/INFO] [STDOUT]: [optifine.OptiFineForgeTweaker:dbg:56]: OptiFineForgeTweaker: acceptOptions
[01:12:55] [main/INFO] [STDOUT]: [optifine.OptiFineForgeTweaker:dbg:56]: OptiFineForgeTweaker: Forge server detected, skipping class transformer
[01:12:55] [main/INFO] [LaunchWrapper]: Calling tweak class net.minecraftforge.fml.relauncher.CoreModManager$FMLPluginWrapper
[01:12:56] [main/INFO] [FML]: Found valid fingerprint for Minecraft Forge. Certificate fingerprint e3c3d50c7c986df74c645c0ac54639741c90a557
[01:12:56] [main/INFO] [LaunchWrapper]: Calling tweak class net.minecraftforge.fml.relauncher.CoreModManager$FMLPluginWrapper
[01:12:56] [main/INFO] [LaunchWrapper]: Calling tweak class net.minecraftforge.fml.relauncher.CoreModManager$FMLPluginWrapper
[01:12:56] [main/INFO] [LaunchWrapper]: Calling tweak class net.minecraftforge.fml.relauncher.CoreModManager$FMLPluginWrapper
[01:12:56] [main/INFO] [LaunchWrapper]: Calling tweak class org.spongepowered.asm.launch.MixinTweaker
[01:12:56] [main/INFO] [mixin]: Compatibility level set to JAVA_8
[01:12:56] [main/INFO] [mixin]: Initialised Mixin FML Remapper Adapter with net.minecraftforge.fml.common.asm.transformers.deobf.FMLDeobfuscatingRemapper@1dcca8d3
[01:12:56] [main/INFO] [LaunchWrapper]: Calling tweak class net.minecraftforge.fml.relauncher.CoreModManager$FMLPluginWrapper
[01:12:56] [main/WARN] [OpenMods]: openmods.config.simple.ConfigProcessor.process(ConfigProcessor.java:117): Adding new values: '[hook_pre_world_rendering, llama_null_fix, activate_player_render_hook, horse_base_null_fix, horse_null_fix]'
[01:12:56] [main/INFO] [LaunchWrapper]: Calling tweak class net.minecraftforge.fml.common.launcher.FMLDeobfTweaker
[01:12:56] [main/INFO] [LaunchWrapper]: Calling tweak class net.minecraftforge.fml.relauncher.CoreModManager$FMLPluginWrapper
[01:12:56] [main/INFO] [LaunchWrapper]: Calling tweak class net.minecraftforge.fml.relauncher.CoreModManager$FMLPluginWrapper
[01:12:56] [main/INFO] [LaunchWrapper]: Calling tweak class net.minecraftforge.fml.relauncher.CoreModManager$FMLPluginWrapper
[01:12:56] [main/INFO] [LaunchWrapper]: Calling tweak class net.minecraftforge.fml.relauncher.CoreModManager$FMLPluginWrapper
[01:12:56] [main/INFO] [LaunchWrapper]: Calling tweak class net.minecraftforge.fml.relauncher.CoreModManager$FMLPluginWrapper
[01:12:56] [main/INFO] [LaunchWrapper]: Calling tweak class net.minecraftforge.fml.relauncher.CoreModManager$FMLPluginWrapper
[01:12:57] [main/INFO] [LaunchWrapper]: Calling tweak class net.minecraftforge.fml.relauncher.CoreModManager$FMLPluginWrapper
[01:12:57] [main/INFO] [LaunchWrapper]: Calling tweak class net.minecraftforge.fml.relauncher.CoreModManager$FMLPluginWrapper
[01:12:57] [main/INFO] [LaunchWrapper]: Calling tweak class net.minecraftforge.fml.relauncher.CoreModManager$FMLPluginWrapper
[01:12:57] [main/INFO] [LaunchWrapper]: Calling tweak class net.minecraftforge.fml.relauncher.CoreModManager$FMLPluginWrapper
[01:12:57] [main/INFO] [LaunchWrapper]: Calling tweak class net.minecraftforge.fml.relauncher.CoreModManager$FMLPluginWrapper
[01:12:57] [main/INFO] [LaunchWrapper]: Calling tweak class net.minecraftforge.fml.relauncher.CoreModManager$FMLPluginWrapper
[01:12:57] [main/INFO] [LaunchWrapper]: Loading tweak class name net.minecraftforge.fml.common.launcher.TerminalTweaker
[01:12:57] [main/INFO] [LaunchWrapper]: Loading tweak class name org.spongepowered.asm.mixin.EnvironmentStateTweaker
[01:12:57] [main/INFO] [LaunchWrapper]: Calling tweak class net.minecraftforge.fml.common.launcher.TerminalTweaker
[01:12:57] [main/INFO] [LaunchWrapper]: Calling tweak class org.spongepowered.asm.mixin.EnvironmentStateTweaker
[01:12:57] [main/INFO] [STDOUT]: [optifine.OptiFineForgeTweaker:dbg:56]: OptiFineForgeTweaker: getLaunchArguments
[01:12:57] [main/INFO] [Quark ASM]: Transforming net.minecraft.world.WorldServer
[01:12:57] [main/INFO] [Quark ASM]: Applying Transformation to method (Names [areAllPlayersAsleep, func_73056_e] Descriptor ()Z)
[01:12:57] [main/INFO] [Quark ASM]: Located Method, patching...
[01:12:57] [main/INFO] [Quark ASM]: Patch result: true
[01:12:57] [main/INFO] [Quark ASM]: Applying Transformation to method (Names [wakeAllPlayers, func_73053_d] Descriptor ()V)
[01:12:57] [main/INFO] [Quark ASM]: Located Method, patching...
[01:12:57] [main/INFO] [Quark ASM]: Patch result: true
[01:12:57] [main/INFO] [Quark ASM]: Transforming net.minecraft.entity.Entity
[01:12:57] [main/INFO] [Quark ASM]: Applying Transformation to method (Names [move, func_70091_d] Descriptor (Lnet/minecraft/entity/MoverType;DDD)V)
[01:12:57] [main/INFO] [Quark ASM]: Located Method, patching...
[01:12:57] [main/INFO] [Quark ASM]: Patch result: true
[01:12:57] [main/INFO] [Quark ASM]: Located Method, patching...
[01:12:57] [main/INFO] [Quark ASM]: Located patch target node INVOKEVIRTUAL net/minecraft/entity/Entity.func_145775_I ()V
[01:12:57] [main/INFO] [Quark ASM]: Patch result: true
[01:12:57] [main/INFO] [Quark ASM]: Applying Transformation to method (Names [onEntityUpdate, func_70030_z] Descriptor ()V)
[01:12:57] [main/INFO] [Quark ASM]: Located Method, patching...
[01:12:57] [main/INFO] [Quark ASM]: Patch result: true
[01:12:57] [main/INFO] [LaunchWrapper]: Launching wrapped minecraft {net.minecraft.server.MinecraftServer}
[01:12:57] [main/INFO] [STDOUT]: [team.chisel.ctm.client.asm.CTMTransformer:preTransform:230]: Transforming Class [net.minecraft.block.Block], Method [getExtendedState]
[01:12:57] [main/INFO] [STDOUT]: [team.chisel.ctm.client.asm.CTMTransformer:finishTransform:242]: Transforming net.minecraft.block.Block Finished.
[01:12:57] [main/INFO] [Quark ASM]: Transforming net.minecraft.enchantment.Enchantment
[01:12:57] [main/INFO] [Quark ASM]: Applying Transformation to method (Names [canApply, func_92089_a] Descriptor (Lnet/minecraft/item/ItemStack;)Z)
[01:12:57] [main/INFO] [Quark ASM]: Located Method, patching...
[01:12:57] [main/INFO] [Quark ASM]: Located patch target node IRETURN
[01:12:57] [main/INFO] [Quark ASM]: Patch result: true
[01:12:57] [main/INFO] [Quark ASM]: Transforming net.minecraft.entity.item.EntityItem
[01:12:57] [main/INFO] [Quark ASM]: Applying Transformation to method (Names [onUpdate, func_70071_h_] Descriptor ()V)
[01:12:57] [main/INFO] [Quark ASM]: Located Method, patching...
[01:12:57] [main/INFO] [Quark ASM]: Patch result: true
[01:12:57] [main/INFO] [Quark ASM]: Transforming net.minecraft.item.ItemStack
[01:12:57] [main/INFO] [Quark ASM]: Applying Transformation to method (Names [getTextComponent, func_151000_E] Descriptor ()Lnet/minecraft/util/text/ITextComponent;)
[01:12:57] [main/INFO] [Quark ASM]: Located Method, patching...
[01:12:57] [main/INFO] [Quark ASM]: Located patch target node ARETURN
[01:12:57] [main/INFO] [Quark ASM]: Patch result: true
[01:12:57] [main/INFO] [Quark ASM]: Transforming net.minecraft.block.BlockDynamicLiquid
[01:12:57] [main/INFO] [Quark ASM]: Applying Transformation to method (Names [isBlocked, func_176372_g] Descriptor (Lnet/minecraft/world/World;Lnet/minecraft/util/math/BlockPos;Lnet/minecraft/block/state/IBlockState;)Z)
[01:12:57] [main/INFO] [Quark ASM]: Located Method, patching...
[01:12:57] [main/INFO] [Quark ASM]: Located patch target node IRETURN
[01:12:57] [main/INFO] [Quark ASM]: Located patch target node IRETURN
[01:12:57] [main/INFO] [Quark ASM]: Patch result: true
[01:12:58] [main/INFO] [Quark ASM]: Transforming net.minecraft.block.BlockPistonBase
[01:12:58] [main/INFO] [Quark ASM]: Applying Transformation to method (Names [canPush, func_185646_a] Descriptor (Lnet/minecraft/block/state/IBlockState;Lnet/minecraft/world/World;Lnet/minecraft/util/math/BlockPos;Lnet/minecraft/util/EnumFacing;ZLnet/minecraft/util/EnumFacing;)Z)
[01:12:58] [main/INFO] [Quark ASM]: Located Method, patching...
[01:12:58] [main/INFO] [Quark ASM]: Located patch target node INVOKEVIRTUAL net/minecraft/block/Block.hasTileEntity (Lnet/minecraft/block/state/IBlockState;)Z
[01:12:58] [main/INFO] [Quark ASM]: Patch result: true
[01:12:58] [main/INFO] [Quark ASM]: Applying Transformation to method (Names [doMove, func_176319_a] Descriptor (Lnet/minecraft/world/World;Lnet/minecraft/util/math/BlockPos;Lnet/minecraft/util/EnumFacing;Z)Z)
[01:12:58] [main/INFO] [Quark ASM]: Located Method, patching...
[01:12:58] [main/INFO] [Quark ASM]: Located patch target node INVOKEVIRTUAL net/minecraft/block/state/BlockPistonStructureHelper.func_177254_c ()Ljava/util/List;
[01:12:58] [main/INFO] [Quark ASM]: Patch result: true
[01:12:58] [main/INFO] [Quark ASM]: Applying Transformation to method (Names [doMove, func_176319_a] Descriptor (Lnet/minecraft/world/World;Lnet/minecraft/util/math/BlockPos;Lnet/minecraft/util/EnumFacing;Z)Z)
[01:12:58] [main/INFO] [Quark ASM]: Located Method, patching...
[01:12:58] [main/INFO] [Quark ASM]: Located patch target node INVOKESPECIAL net/minecraft/block/state/BlockPistonStructureHelper.<init> (Lnet/minecraft/world/World;Lnet/minecraft/util/math/BlockPos;Lnet/minecraft/util/EnumFacing;Z)V
[01:12:58] [main/INFO] [Quark ASM]: Patch result: true
[01:12:58] [main/INFO] [Quark ASM]: Applying Transformation to method (Names [checkForMove, func_176316_e] Descriptor (Lnet/minecraft/world/World;Lnet/minecraft/util/math/BlockPos;Lnet/minecraft/block/state/IBlockState;)V)
[01:12:58] [main/INFO] [Quark ASM]: Located Method, patching...
[01:12:58] [main/INFO] [Quark ASM]: Located patch target node INVOKESPECIAL net/minecraft/block/state/BlockPistonStructureHelper.<init> (Lnet/minecraft/world/World;Lnet/minecraft/util/math/BlockPos;Lnet/minecraft/util/EnumFacing;Z)V
[01:12:58] [main/INFO] [Quark ASM]: Patch result: true
[01:12:58] [main/INFO] [Quark ASM]: Transforming net.minecraft.tileentity.TileEntityPiston
[01:12:58] [main/INFO] [Quark ASM]: Applying Transformation to method (Names [update, func_73660_a] Descriptor ()V)
[01:12:58] [main/INFO] [Quark ASM]: Located Method, patching...
[01:12:58] [main/INFO] [Quark ASM]: Patch result: true
[01:12:58] [main/INFO] [Quark ASM]: Applying Transformation to method (Names [clearPistonTileEntity, func_145866_f] Descriptor ()V)
[01:12:58] [main/INFO] [Quark ASM]: Located Method, patching...
[01:12:58] [main/INFO] [Quark ASM]: Located patch target node INVOKEVIRTUAL net/minecraft/world/World.func_180501_a (Lnet/minecraft/util/math/BlockPos;Lnet/minecraft/block/state/IBlockState;I)Z
[01:12:58] [main/INFO] [Quark ASM]: Patch result: true
[01:12:58] [main/INFO] [Quark ASM]: Applying Transformation to method (Names [update, func_73660_a] Descriptor ()V)
[01:12:58] [main/INFO] [Quark ASM]: Located Method, patching...
[01:12:58] [main/INFO] [Quark ASM]: Located patch target node INVOKEVIRTUAL net/minecraft/world/World.func_180501_a (Lnet/minecraft/util/math/BlockPos;Lnet/minecraft/block/state/IBlockState;I)Z
[01:12:58] [main/INFO] [Quark ASM]: Patch result: true
[01:12:58] [main/INFO] [Quark ASM]: Transforming net.minecraft.enchantment.EnchantmentDamage
[01:12:58] [main/INFO] [Quark ASM]: Applying Transformation to method (Names [canApply, func_92089_a] Descriptor (Lnet/minecraft/item/ItemStack;)Z)
[01:12:58] [main/INFO] [Quark ASM]: Located Method, patching...
[01:12:58] [main/INFO] [Quark ASM]: Located patch target node IRETURN
[01:12:58] [main/INFO] [Quark ASM]: Located patch target node IRETURN
[01:12:58] [main/INFO] [Quark ASM]: Patch result: true
[01:12:58] [main/INFO] [Quark ASM]: Transforming net.minecraft.entity.item.EntityMinecart
[01:12:58] [main/INFO] [Quark ASM]: Applying Transformation to method (Names [killMinecart, func_94095_a] Descriptor (Lnet/minecraft/util/DamageSource;)V)
[01:12:58] [main/INFO] [Quark ASM]: Located Method, patching...
[01:12:58] [main/INFO] [Quark ASM]: Located patch target node INVOKEVIRTUAL net/minecraft/entity/item/EntityMinecart.func_70099_a (Lnet/minecraft/item/ItemStack;F)Lnet/minecraft/entity/item/EntityItem;
[01:12:58] [main/INFO] [Quark ASM]: Patch result: true
[01:12:59] [main/INFO] [Quark ASM]: Transforming net.minecraft.entity.item.EntityBoat
[01:12:59] [main/INFO] [Quark ASM]: Applying Transformation to method (Names [attackEntityFrom, func_70097_a] Descriptor (Lnet/minecraft/util/DamageSource;F)Z)
[01:12:59] [main/INFO] [Quark ASM]: Located Method, patching...
[01:12:59] [main/INFO] [Quark ASM]: Located patch target node INVOKEVIRTUAL net/minecraft/entity/item/EntityBoat.func_145778_a (Lnet/minecraft/item/Item;IF)Lnet/minecraft/entity/item/EntityItem;
[01:12:59] [main/INFO] [Quark ASM]: Patch result: true
[01:12:59] [main/INFO] [Quark ASM]: Transforming net.minecraft.item.ItemBanner
[01:12:59] [main/INFO] [Quark ASM]: Applying Transformation to method (Names [appendHoverTextFromTileEntityTag, func_185054_a] Descriptor (Lnet/minecraft/item/ItemStack;Ljava/util/List;)V)
[01:12:59] [main/INFO] [Quark ASM]: Failed to locate the method!
[01:12:59] [main/INFO] [ASMUtil]: Transforming class net/minecraft/entity/projectile/EntityPotion
[01:12:59] [main/INFO] [ASMUtil]: Transforming method net/minecraft/entity/projectile/EntityPotion.func_190544_c(Lnet/minecraft/entity/EntityLivingBase;)Z
[01:12:59] [main/INFO] [Quark ASM]: Transforming net.minecraft.entity.ai.EntityAITarget
[01:12:59] [main/INFO] [Quark ASM]: Applying Transformation to method (Names [isSuitableTarget, func_179445_a] Descriptor (Lnet/minecraft/entity/EntityLiving;Lnet/minecraft/entity/EntityLivingBase;ZZ)Z)
[01:12:59] [main/INFO] [Quark ASM]: Located Method, patching...
[01:12:59] [main/INFO] [Quark ASM]: Patch result: true
[01:12:59] [main/INFO] [ASMUtil]: Transforming class net/minecraft/entity/monster/EntityEnderman
[01:12:59] [main/INFO] [ASMUtil]: Transforming class net/minecraft/entity/monster/EntityEnderman
[01:12:59] [main/INFO] [ASMUtil]: Transforming class net/minecraft/entity/boss/EntityDragon
[01:12:59] [main/INFO] [ASMUtil]: Transforming class net/minecraft/entity/boss/EntityDragon
[01:12:59] [main/INFO] [ASMUtil]: Transforming class net/minecraft/entity/monster/EntityShulker
[01:12:59] [main/INFO] [ASMUtil]: Transforming class net/minecraft/entity/monster/EntityShulker
[01:12:59] [main/INFO] [Quark ASM]: Transforming net.minecraft.item.crafting.RecipesBanners$RecipeAddPattern
[01:12:59] [main/INFO] [Quark ASM]: Applying Transformation to method (Names [matches, func_77569_a] Descriptor (Lnet/minecraft/inventory/InventoryCrafting;Lnet/minecraft/world/World;)Z)
[01:12:59] [main/INFO] [Quark ASM]: Located Method, patching...
[01:12:59] [main/INFO] [Quark ASM]: Located patch target node INVOKESTATIC net/minecraft/tileentity/TileEntityBanner.func_175113_c (Lnet/minecraft/item/ItemStack;)I
[01:12:59] [main/INFO] [Quark ASM]: Patch result: true
[01:13:00] [main/INFO] [Quark ASM]: Transforming net.minecraft.inventory.ContainerMerchant
[01:13:00] [main/INFO] [Quark ASM]: Applying Transformation to method (Names [transferStackInSlot, func_82846_b] Descriptor (Lnet/minecraft/entity/player/EntityPlayer;I)Lnet/minecraft/item/ItemStack;)
[01:13:00] [main/INFO] [Quark ASM]: Located Method, patching...
[01:13:00] [main/INFO] [Quark ASM]: Located patch target node INVOKEVIRTUAL net/minecraft/inventory/ContainerMerchant.func_75135_a (Lnet/minecraft/item/ItemStack;IIZ)Z
[01:13:00] [main/INFO] [Quark ASM]: Located patch target node INVOKEVIRTUAL net/minecraft/inventory/ContainerMerchant.func_75135_a (Lnet/minecraft/item/ItemStack;IIZ)Z
[01:13:00] [main/INFO] [Quark ASM]: Located patch target node INVOKEVIRTUAL net/minecraft/inventory/ContainerMerchant.func_75135_a (Lnet/minecraft/item/ItemStack;IIZ)Z
[01:13:00] [main/INFO] [Quark ASM]: Located patch target node INVOKEVIRTUAL net/minecraft/inventory/ContainerMerchant.func_75135_a (Lnet/minecraft/item/ItemStack;IIZ)Z
[01:13:00] [main/INFO] [Quark ASM]: Patch result: true
[01:13:00] [Server thread/INFO] [net.minecraft.server.dedicated.DedicatedServer]: Starting minecraft server version 1.12.2
[01:13:00] [Server thread/INFO] [FML]: MinecraftForge v14.23.5.2860 Initialized
[01:13:00] [Server thread/INFO] [FML]: Starts to replace vanilla recipe ingredients with ore ingredients.
[01:13:00] [Server thread/INFO] [FML]: Invalid recipe found with multiple oredict ingredients in the same ingredient...
[01:13:00] [Server thread/INFO] [FML]: Replaced 1227 ore ingredients
[01:13:01] [Server thread/INFO] [FML]: Searching /workspaces/PajWorld/servidor_minecraft/./mods for mods
[01:13:01] [Server thread/INFO] [FML]: Searching /workspaces/PajWorld/servidor_minecraft/./mods/1.12.2 for mods
[01:13:01] [Server thread/ERROR] [FML]: Unable to read a class file correctly
java.lang.IllegalArgumentException: null
	at org.objectweb.asm.ClassReader.<init>(ClassReader.java:185) ~[asm-debug-all-5.2.jar:5.2]
	at org.objectweb.asm.ClassReader.<init>(ClassReader.java:168) ~[asm-debug-all-5.2.jar:5.2]
	at org.objectweb.asm.ClassReader.<init>(ClassReader.java:439) ~[asm-debug-all-5.2.jar:5.2]
	at net.minecraftforge.fml.common.discovery.asm.ASMModParser.<init>(ASMModParser.java:57) [ASMModParser.class:?]
	at net.minecraftforge.fml.common.discovery.JarDiscoverer.findClassesASM(JarDiscoverer.java:102) [JarDiscoverer.class:?]
	at net.minecraftforge.fml.common.discovery.JarDiscoverer.discover(JarDiscoverer.java:77) [JarDiscoverer.class:?]
	at net.minecraftforge.fml.common.discovery.ContainerType.findMods(ContainerType.java:47) [ContainerType.class:?]
	at net.minecraftforge.fml.common.discovery.ModCandidate.explore(ModCandidate.java:74) [ModCandidate.class:?]
	at net.minecraftforge.fml.common.discovery.ModDiscoverer.identifyMods(ModDiscoverer.java:93) [ModDiscoverer.class:?]
	at net.minecraftforge.fml.common.Loader.identifyMods(Loader.java:427) [Loader.class:?]
	at net.minecraftforge.fml.common.Loader.loadMods(Loader.java:568) [Loader.class:?]
	at net.minecraftforge.fml.server.FMLServerHandler.beginServerLoading(FMLServerHandler.java:98) [FMLServerHandler.class:?]
	at net.minecraftforge.fml.common.FMLCommonHandler.onServerStart(FMLCommonHandler.java:333) [FMLCommonHandler.class:?]
	at net.minecraft.server.dedicated.DedicatedServer.func_71197_b(DedicatedServer.java:125) [nz.class:?]
	at net.minecraft.server.MinecraftServer.run(MinecraftServer.java:486) [MinecraftServer.class:?]
	at java.lang.Thread.run(Thread.java:750) [?:1.8.0_462]
[01:13:01] [Server thread/ERROR] [FML]: There was a problem reading the entry module-info.class in the jar /workspaces/PajWorld/servidor_minecraft/./mods/zergatul.freecam-2.0.0-forge-1.12.2.jar - probably a corrupt zip
net.minecraftforge.fml.common.LoaderException: java.lang.IllegalArgumentException

	at net.minecraftforge.fml.common.discovery.asm.ASMModParser.<init>(ASMModParser.java:63) ~[ASMModParser.class:?]
	at net.minecraftforge.fml.common.discovery.JarDiscoverer.findClassesASM(JarDiscoverer.java:102) [JarDiscoverer.class:?]
	at net.minecraftforge.fml.common.discovery.JarDiscoverer.discover(JarDiscoverer.java:77) [JarDiscoverer.class:?]
	at net.minecraftforge.fml.common.discovery.ContainerType.findMods(ContainerType.java:47) [ContainerType.class:?]
	at net.minecraftforge.fml.common.discovery.ModCandidate.explore(ModCandidate.java:74) [ModCandidate.class:?]
	at net.minecraftforge.fml.common.discovery.ModDiscoverer.identifyMods(ModDiscoverer.java:93) [ModDiscoverer.class:?]
	at net.minecraftforge.fml.common.Loader.identifyMods(Loader.java:427) [Loader.class:?]
	at net.minecraftforge.fml.common.Loader.loadMods(Loader.java:568) [Loader.class:?]
	at net.minecraftforge.fml.server.FMLServerHandler.beginServerLoading(FMLServerHandler.java:98) [FMLServerHandler.class:?]
	at net.minecraftforge.fml.common.FMLCommonHandler.onServerStart(FMLCommonHandler.java:333) [FMLCommonHandler.class:?]
	at net.minecraft.server.dedicated.DedicatedServer.func_71197_b(DedicatedServer.java:125) [nz.class:?]
	at net.minecraft.server.MinecraftServer.run(MinecraftServer.java:486) [MinecraftServer.class:?]
	at java.lang.Thread.run(Thread.java:750) [?:1.8.0_462]
Caused by: java.lang.IllegalArgumentException
	at org.objectweb.asm.ClassReader.<init>(ClassReader.java:185) ~[asm-debug-all-5.2.jar:5.2]
	at org.objectweb.asm.ClassReader.<init>(ClassReader.java:168) ~[asm-debug-all-5.2.jar:5.2]
	at org.objectweb.asm.ClassReader.<init>(ClassReader.java:439) ~[asm-debug-all-5.2.jar:5.2]
	at net.minecraftforge.fml.common.discovery.asm.ASMModParser.<init>(ASMModParser.java:57) ~[ASMModParser.class:?]
	... 12 more
[01:13:01] [Server thread/WARN] [FML]: Zip file zergatul.freecam-2.0.0-forge-1.12.2.jar failed to read properly, it will be ignored
net.minecraftforge.fml.common.LoaderException: java.lang.IllegalArgumentException

	at net.minecraftforge.fml.common.discovery.asm.ASMModParser.<init>(ASMModParser.java:63) ~[ASMModParser.class:?]
	at net.minecraftforge.fml.common.discovery.JarDiscoverer.findClassesASM(JarDiscoverer.java:102) ~[JarDiscoverer.class:?]
	at net.minecraftforge.fml.common.discovery.JarDiscoverer.discover(JarDiscoverer.java:77) [JarDiscoverer.class:?]
	at net.minecraftforge.fml.common.discovery.ContainerType.findMods(ContainerType.java:47) [ContainerType.class:?]
	at net.minecraftforge.fml.common.discovery.ModCandidate.explore(ModCandidate.java:74) [ModCandidate.class:?]
	at net.minecraftforge.fml.common.discovery.ModDiscoverer.identifyMods(ModDiscoverer.java:93) [ModDiscoverer.class:?]
	at net.minecraftforge.fml.common.Loader.identifyMods(Loader.java:427) [Loader.class:?]
	at net.minecraftforge.fml.common.Loader.loadMods(Loader.java:568) [Loader.class:?]
	at net.minecraftforge.fml.server.FMLServerHandler.beginServerLoading(FMLServerHandler.java:98) [FMLServerHandler.class:?]
	at net.minecraftforge.fml.common.FMLCommonHandler.onServerStart(FMLCommonHandler.java:333) [FMLCommonHandler.class:?]
	at net.minecraft.server.dedicated.DedicatedServer.func_71197_b(DedicatedServer.java:125) [nz.class:?]
	at net.minecraft.server.MinecraftServer.run(MinecraftServer.java:486) [MinecraftServer.class:?]
	at java.lang.Thread.run(Thread.java:750) [?:1.8.0_462]
Caused by: java.lang.IllegalArgumentException
	at org.objectweb.asm.ClassReader.<init>(ClassReader.java:185) ~[asm-debug-all-5.2.jar:5.2]
	at org.objectweb.asm.ClassReader.<init>(ClassReader.java:168) ~[asm-debug-all-5.2.jar:5.2]
	at org.objectweb.asm.ClassReader.<init>(ClassReader.java:439) ~[asm-debug-all-5.2.jar:5.2]
	at net.minecraftforge.fml.common.discovery.asm.ASMModParser.<init>(ASMModParser.java:57) ~[ASMModParser.class:?]
	... 12 more
[01:13:01] [Server thread/WARN] [FML]: Mod cqrepoured is missing the required element 'version' and a version.properties file could not be found. Falling back to metadata version 2.7.1B
[01:13:01] [Server thread/INFO] [FML]: Disabling mod ctm it is client side only.
[01:13:01] [Server thread/WARN] [FML]: Mod cyclicmagic is missing the required element 'version' and a version.properties file could not be found. Falling back to metadata version 1.20.12
[01:13:02] [Server thread/WARN] [FML]: Mod dailies is missing the required element 'version' and a version.properties file could not be found. Falling back to metadata version 1.12.2-6
[01:13:02] [Server thread/INFO] [FML]: Mod geckolib3 is missing the required element 'name'. Substituting geckolib3
[01:13:02] [Server thread/WARN] [FML]: Zip file Fapcraft-Fazclaires-Nightclub-Edition-Mod-Forge-1.12.2.jar failed to read properly, it will be ignored
java.util.zip.ZipException: error in opening zip file
	at java.util.zip.ZipFile.open(Native Method) ~[?:1.8.0_462]
	at java.util.zip.ZipFile.<init>(ZipFile.java:231) ~[?:1.8.0_462]
	at java.util.zip.ZipFile.<init>(ZipFile.java:157) ~[?:1.8.0_462]
	at java.util.jar.JarFile.<init>(JarFile.java:169) ~[?:1.8.0_462]
	at java.util.jar.JarFile.<init>(JarFile.java:133) ~[?:1.8.0_462]
	at net.minecraftforge.fml.common.discovery.JarDiscoverer.discover(JarDiscoverer.java:56) [JarDiscoverer.class:?]
	at net.minecraftforge.fml.common.discovery.ContainerType.findMods(ContainerType.java:47) [ContainerType.class:?]
	at net.minecraftforge.fml.common.discovery.ModCandidate.explore(ModCandidate.java:74) [ModCandidate.class:?]
	at net.minecraftforge.fml.common.discovery.ModDiscoverer.identifyMods(ModDiscoverer.java:93) [ModDiscoverer.class:?]
	at net.minecraftforge.fml.common.Loader.identifyMods(Loader.java:427) [Loader.class:?]
	at net.minecraftforge.fml.common.Loader.loadMods(Loader.java:568) [Loader.class:?]
	at net.minecraftforge.fml.server.FMLServerHandler.beginServerLoading(FMLServerHandler.java:98) [FMLServerHandler.class:?]
	at net.minecraftforge.fml.common.FMLCommonHandler.onServerStart(FMLCommonHandler.java:333) [FMLCommonHandler.class:?]
	at net.minecraft.server.dedicated.DedicatedServer.func_71197_b(DedicatedServer.java:125) [nz.class:?]
	at net.minecraft.server.MinecraftServer.run(MinecraftServer.java:486) [MinecraftServer.class:?]
	at java.lang.Thread.run(Thread.java:750) [?:1.8.0_462]
[01:13:02] [Server thread/WARN] [FML]: Zip file fossilsarcheology-8.0.6.jar failed to read properly, it will be ignored
java.util.zip.ZipException: error in opening zip file
	at java.util.zip.ZipFile.open(Native Method) ~[?:1.8.0_462]
	at java.util.zip.ZipFile.<init>(ZipFile.java:231) ~[?:1.8.0_462]
	at java.util.zip.ZipFile.<init>(ZipFile.java:157) ~[?:1.8.0_462]
	at java.util.jar.JarFile.<init>(JarFile.java:169) ~[?:1.8.0_462]
	at java.util.jar.JarFile.<init>(JarFile.java:133) ~[?:1.8.0_462]
	at net.minecraftforge.fml.common.discovery.JarDiscoverer.discover(JarDiscoverer.java:56) [JarDiscoverer.class:?]
	at net.minecraftforge.fml.common.discovery.ContainerType.findMods(ContainerType.java:47) [ContainerType.class:?]
	at net.minecraftforge.fml.common.discovery.ModCandidate.explore(ModCandidate.java:74) [ModCandidate.class:?]
	at net.minecraftforge.fml.common.discovery.ModDiscoverer.identifyMods(ModDiscoverer.java:93) [ModDiscoverer.class:?]
	at net.minecraftforge.fml.common.Loader.identifyMods(Loader.java:427) [Loader.class:?]
	at net.minecraftforge.fml.common.Loader.loadMods(Loader.java:568) [Loader.class:?]
	at net.minecraftforge.fml.server.FMLServerHandler.beginServerLoading(FMLServerHandler.java:98) [FMLServerHandler.class:?]
	at net.minecraftforge.fml.common.FMLCommonHandler.onServerStart(FMLCommonHandler.java:333) [FMLCommonHandler.class:?]
	at net.minecraft.server.dedicated.DedicatedServer.func_71197_b(DedicatedServer.java:125) [nz.class:?]
	at net.minecraft.server.MinecraftServer.run(MinecraftServer.java:486) [MinecraftServer.class:?]
	at java.lang.Thread.run(Thread.java:750) [?:1.8.0_462]
[01:13:02] [Server thread/INFO] [FML]: Disabling mod guiclock it is client side only.
[01:13:02] [Server thread/INFO] [FML]: Disabling mod guicompass it is client side only.
[01:13:02] [Server thread/WARN] [FML]: Zip file Kidnap-Mod-Forge-1.12.2.jar failed to read properly, it will be ignored
java.util.zip.ZipException: zip file is empty
	at java.util.zip.ZipFile.open(Native Method) ~[?:1.8.0_462]
	at java.util.zip.ZipFile.<init>(ZipFile.java:231) ~[?:1.8.0_462]
	at java.util.zip.ZipFile.<init>(ZipFile.java:157) ~[?:1.8.0_462]
	at java.util.jar.JarFile.<init>(JarFile.java:169) ~[?:1.8.0_462]
	at java.util.jar.JarFile.<init>(JarFile.java:133) ~[?:1.8.0_462]
	at net.minecraftforge.fml.common.discovery.JarDiscoverer.discover(JarDiscoverer.java:56) [JarDiscoverer.class:?]
	at net.minecraftforge.fml.common.discovery.ContainerType.findMods(ContainerType.java:47) [ContainerType.class:?]
	at net.minecraftforge.fml.common.discovery.ModCandidate.explore(ModCandidate.java:74) [ModCandidate.class:?]
	at net.minecraftforge.fml.common.discovery.ModDiscoverer.identifyMods(ModDiscoverer.java:93) [ModDiscoverer.class:?]
	at net.minecraftforge.fml.common.Loader.identifyMods(Loader.java:427) [Loader.class:?]
	at net.minecraftforge.fml.common.Loader.loadMods(Loader.java:568) [Loader.class:?]
	at net.minecraftforge.fml.server.FMLServerHandler.beginServerLoading(FMLServerHandler.java:98) [FMLServerHandler.class:?]
	at net.minecraftforge.fml.common.FMLCommonHandler.onServerStart(FMLCommonHandler.java:333) [FMLCommonHandler.class:?]
	at net.minecraft.server.dedicated.DedicatedServer.func_71197_b(DedicatedServer.java:125) [nz.class:?]
	at net.minecraft.server.MinecraftServer.run(MinecraftServer.java:486) [MinecraftServer.class:?]
	at java.lang.Thread.run(Thread.java:750) [?:1.8.0_462]
[01:13:02] [Server thread/WARN] [FML]: Mod moartinkers is missing the required element 'version' and a version.properties file could not be found. Falling back to metadata version 0.6.0
[01:13:03] [Server thread/WARN] [FML]: Mod patchouli is missing the required element 'version' and a version.properties file could not be found. Falling back to metadata version 1.0-23.6
[01:13:03] [Server thread/WARN] [FML]: Mod reachfix is missing the required element 'version' and a version.properties file could not be found. Falling back to metadata version 1.1.3
[01:13:03] [Server thread/INFO] [FML]: Disabling mod realtimeclock it is client side only.
[01:13:03] [Server thread/ERROR] [FML]: Unable to read a class file correctly
java.lang.IllegalArgumentException: null
	at org.objectweb.asm.ClassReader.<init>(ClassReader.java:185) ~[asm-debug-all-5.2.jar:5.2]
	at org.objectweb.asm.ClassReader.<init>(ClassReader.java:168) ~[asm-debug-all-5.2.jar:5.2]
	at org.objectweb.asm.ClassReader.<init>(ClassReader.java:439) ~[asm-debug-all-5.2.jar:5.2]
	at net.minecraftforge.fml.common.discovery.asm.ASMModParser.<init>(ASMModParser.java:57) [ASMModParser.class:?]
	at net.minecraftforge.fml.common.discovery.JarDiscoverer.findClassesASM(JarDiscoverer.java:102) [JarDiscoverer.class:?]
	at net.minecraftforge.fml.common.discovery.JarDiscoverer.discover(JarDiscoverer.java:77) [JarDiscoverer.class:?]
	at net.minecraftforge.fml.common.discovery.ContainerType.findMods(ContainerType.java:47) [ContainerType.class:?]
	at net.minecraftforge.fml.common.discovery.ModCandidate.explore(ModCandidate.java:74) [ModCandidate.class:?]
	at net.minecraftforge.fml.common.discovery.ModDiscoverer.identifyMods(ModDiscoverer.java:93) [ModDiscoverer.class:?]
	at net.minecraftforge.fml.common.Loader.identifyMods(Loader.java:427) [Loader.class:?]
	at net.minecraftforge.fml.common.Loader.loadMods(Loader.java:568) [Loader.class:?]
	at net.minecraftforge.fml.server.FMLServerHandler.beginServerLoading(FMLServerHandler.java:98) [FMLServerHandler.class:?]
	at net.minecraftforge.fml.common.FMLCommonHandler.onServerStart(FMLCommonHandler.java:333) [FMLCommonHandler.class:?]
	at net.minecraft.server.dedicated.DedicatedServer.func_71197_b(DedicatedServer.java:125) [nz.class:?]
	at net.minecraft.server.MinecraftServer.run(MinecraftServer.java:486) [MinecraftServer.class:?]
	at java.lang.Thread.run(Thread.java:750) [?:1.8.0_462]
[01:13:03] [Server thread/ERROR] [FML]: There was a problem reading the entry module-info.class in the jar ./mods/zergatul.freecam-2.0.0-forge-1.12.2.jar - probably a corrupt zip
net.minecraftforge.fml.common.LoaderException: java.lang.IllegalArgumentException

	at net.minecraftforge.fml.common.discovery.asm.ASMModParser.<init>(ASMModParser.java:63) ~[ASMModParser.class:?]
	at net.minecraftforge.fml.common.discovery.JarDiscoverer.findClassesASM(JarDiscoverer.java:102) [JarDiscoverer.class:?]
	at net.minecraftforge.fml.common.discovery.JarDiscoverer.discover(JarDiscoverer.java:77) [JarDiscoverer.class:?]
	at net.minecraftforge.fml.common.discovery.ContainerType.findMods(ContainerType.java:47) [ContainerType.class:?]
	at net.minecraftforge.fml.common.discovery.ModCandidate.explore(ModCandidate.java:74) [ModCandidate.class:?]
	at net.minecraftforge.fml.common.discovery.ModDiscoverer.identifyMods(ModDiscoverer.java:93) [ModDiscoverer.class:?]
	at net.minecraftforge.fml.common.Loader.identifyMods(Loader.java:427) [Loader.class:?]
	at net.minecraftforge.fml.common.Loader.loadMods(Loader.java:568) [Loader.class:?]
	at net.minecraftforge.fml.server.FMLServerHandler.beginServerLoading(FMLServerHandler.java:98) [FMLServerHandler.class:?]
	at net.minecraftforge.fml.common.FMLCommonHandler.onServerStart(FMLCommonHandler.java:333) [FMLCommonHandler.class:?]
	at net.minecraft.server.dedicated.DedicatedServer.func_71197_b(DedicatedServer.java:125) [nz.class:?]
	at net.minecraft.server.MinecraftServer.run(MinecraftServer.java:486) [MinecraftServer.class:?]
	at java.lang.Thread.run(Thread.java:750) [?:1.8.0_462]
Caused by: java.lang.IllegalArgumentException
	at org.objectweb.asm.ClassReader.<init>(ClassReader.java:185) ~[asm-debug-all-5.2.jar:5.2]
	at org.objectweb.asm.ClassReader.<init>(ClassReader.java:168) ~[asm-debug-all-5.2.jar:5.2]
	at org.objectweb.asm.ClassReader.<init>(ClassReader.java:439) ~[asm-debug-all-5.2.jar:5.2]
	at net.minecraftforge.fml.common.discovery.asm.ASMModParser.<init>(ASMModParser.java:57) ~[ASMModParser.class:?]
	... 12 more
[01:13:03] [Server thread/WARN] [FML]: Zip file zergatul.freecam-2.0.0-forge-1.12.2.jar failed to read properly, it will be ignored
net.minecraftforge.fml.common.LoaderException: java.lang.IllegalArgumentException

	at net.minecraftforge.fml.common.discovery.asm.ASMModParser.<init>(ASMModParser.java:63) ~[ASMModParser.class:?]
	at net.minecraftforge.fml.common.discovery.JarDiscoverer.findClassesASM(JarDiscoverer.java:102) ~[JarDiscoverer.class:?]
	at net.minecraftforge.fml.common.discovery.JarDiscoverer.discover(JarDiscoverer.java:77) [JarDiscoverer.class:?]
	at net.minecraftforge.fml.common.discovery.ContainerType.findMods(ContainerType.java:47) [ContainerType.class:?]
	at net.minecraftforge.fml.common.discovery.ModCandidate.explore(ModCandidate.java:74) [ModCandidate.class:?]
	at net.minecraftforge.fml.common.discovery.ModDiscoverer.identifyMods(ModDiscoverer.java:93) [ModDiscoverer.class:?]
	at net.minecraftforge.fml.common.Loader.identifyMods(Loader.java:427) [Loader.class:?]
	at net.minecraftforge.fml.common.Loader.loadMods(Loader.java:568) [Loader.class:?]
	at net.minecraftforge.fml.server.FMLServerHandler.beginServerLoading(FMLServerHandler.java:98) [FMLServerHandler.class:?]
	at net.minecraftforge.fml.common.FMLCommonHandler.onServerStart(FMLCommonHandler.java:333) [FMLCommonHandler.class:?]
	at net.minecraft.server.dedicated.DedicatedServer.func_71197_b(DedicatedServer.java:125) [nz.class:?]
	at net.minecraft.server.MinecraftServer.run(MinecraftServer.java:486) [MinecraftServer.class:?]
	at java.lang.Thread.run(Thread.java:750) [?:1.8.0_462]
Caused by: java.lang.IllegalArgumentException
	at org.objectweb.asm.ClassReader.<init>(ClassReader.java:185) ~[asm-debug-all-5.2.jar:5.2]
	at org.objectweb.asm.ClassReader.<init>(ClassReader.java:168) ~[asm-debug-all-5.2.jar:5.2]
	at org.objectweb.asm.ClassReader.<init>(ClassReader.java:439) ~[asm-debug-all-5.2.jar:5.2]
	at net.minecraftforge.fml.common.discovery.asm.ASMModParser.<init>(ASMModParser.java:57) ~[ASMModParser.class:?]
	... 12 more
[01:13:03] [Server thread/FATAL] [FML]: Found a duplicate mod freecam at [./mods/zergatul.freecam-2.0.0-forge-1.12.2.jar, /workspaces/PajWorld/servidor_minecraft/./mods/zergatul.freecam-2.0.0-forge-1.12.2.jar]
[01:13:03] [Server thread/ERROR] [net.minecraft.server.MinecraftServer]: Encountered an unexpected exception
net.minecraftforge.fml.common.DuplicateModsFoundException: 
Duplicate Mods:
	freecam : /workspaces/PajWorld/servidor_minecraft/./mods/zergatul.freecam-2.0.0-forge-1.12.2.jar
	freecam : /workspaces/PajWorld/servidor_minecraft/./mods/zergatul.freecam-2.0.0-forge-1.12.2.jar


	at net.minecraftforge.fml.common.Loader.identifyDuplicates(Loader.java:466) ~[Loader.class:?]
	at net.minecraftforge.fml.common.Loader.identifyMods(Loader.java:428) ~[Loader.class:?]
	at net.minecraftforge.fml.common.Loader.loadMods(Loader.java:568) ~[Loader.class:?]
	at net.minecraftforge.fml.server.FMLServerHandler.beginServerLoading(FMLServerHandler.java:98) ~[FMLServerHandler.class:?]
	at net.minecraftforge.fml.common.FMLCommonHandler.onServerStart(FMLCommonHandler.java:333) ~[FMLCommonHandler.class:?]
	at net.minecraft.server.dedicated.DedicatedServer.func_71197_b(DedicatedServer.java:125) ~[nz.class:?]
	at net.minecraft.server.MinecraftServer.run(MinecraftServer.java:486) [MinecraftServer.class:?]
	at java.lang.Thread.run(Thread.java:750) [?:1.8.0_462]
[01:13:03] [Server thread/ERROR] [net.minecraft.server.MinecraftServer]: This crash report has been saved to: /workspaces/PajWorld/servidor_minecraft/./crash-reports/crash-2025-09-08_01.13.03-server.txt
[01:13:03] [Server thread/INFO] [net.minecraft.server.MinecraftServer]: Stopping server
[01:13:03] [Server thread/INFO] [net.minecraft.server.MinecraftServer]: Saving worlds
[01:13:03] [Server thread/INFO] [FML]: The state engine was in incorrect state CONSTRUCTING and forced into state SERVER_STOPPED. Errors may have been discarded.
